<?xml version="1.0" encoding="UTF-8"?>
<!-- Generated by org.testng.reporters.JUnitXMLReporter -->
<testsuite hostname="OCTI107.local" name="Prueba de operaciones basicas" tests="5" failures="1" timestamp="12 Mar 2018 05:19:58 GMT" time="0.298" errors="0">
  <testcase name="testDivision" time="0.03" classname="PracticaEclipse.Unitarias.AritmeticaTest"/>
  <testcase name="testMultiplicacion" time="0.005" classname="PracticaEclipse.Unitarias.AritmeticaTest"/>
  <testcase name="testMultiplicacion2" time="0.133" classname="PracticaEclipse.Unitarias.AritmeticaTest">
    <failure type="java.lang.AssertionError" message="No da el mismo resultado se esperaba: 4">
      <![CDATA[java.lang.AssertionError: No da el mismo resultado se esperaba: 4
	at PracticaEclipse.Unitarias.AritmeticaTest.testMultiplicacion2(AritmeticaTest.java:78)
... Removed 26 stack frames]]>
    </failure>
  </testcase> <!-- testMultiplicacion2 -->
  <testcase name="testResta" time="0.006" classname="PracticaEclipse.Unitarias.AritmeticaTest"/>
  <testcase name="testSuma" time="0.006" classname="PracticaEclipse.Unitarias.AritmeticaTest"/>
</testsuite> <!-- Prueba de operaciones basicas -->
