<?xml version="1.0" encoding="UTF-8"?>
<testsuite xmlns:xsi="http://www.w3.org/2001/XMLSchema-instance" xsi:noNamespaceSchemaLocation="https://maven.apache.org/surefire/maven-surefire-plugin/xsd/surefire-test-report.xsd" name="TestSuite" time="0.952" tests="4" errors="0" skipped="0" failures="1">
  <properties>
[...]
</properties>
  <testcase name="testDivision" classname="PracticaEclipse.Unitarias.AritmeticaTest" time="0.036"/>
  <testcase name="testMultiplicacion" classname="PracticaEclipse.Unitarias.AritmeticaTest" time="0.001"/>
  <testcase name="testResta" classname="PracticaEclipse.Unitarias.AritmeticaTest" time="0.142">
    <failure message="No da el mismo resultado se espereba: 5" type="java.lang.AssertionError">java.lang.AssertionError: No da el mismo resultado se espereba: 5
	at PracticaEclipse.Unitarias.AritmeticaTest.testResta(AritmeticaTest.java:44)
</failure>
  </testcase>
  <testcase name="testSuma" classname="PracticaEclipse.Unitarias.AritmeticaTest" time="0.001"/>
</testsuite>