-------------------------------------------------------------------------------
Test set: TestSuite
-------------------------------------------------------------------------------
Tests run: 4, Failures: 1, Errors: 0, Skipped: 0, Time elapsed: 0.952 s <<< FAILURE! - in TestSuite
testResta(PracticaEclipse.Unitarias.AritmeticaTest)  Time elapsed: 0.142 s  <<< FAILURE!
java.lang.AssertionError: No da el mismo resultado se espereba: 5
	at PracticaEclipse.Unitarias.AritmeticaTest.testResta(AritmeticaTest.java:44)

