<?xml version="1.0" encoding="UTF-8"?>
<!-- Generated by org.testng.reporters.JUnitXMLReporter -->
<testsuite hostname="octi107.gmalv.grupomutual.com" name="Prueba de operaciones basicas" tests="4" failures="1" timestamp="19 Feb 2018 18:29:41 GMT" time="0.299" errors="0">
  <testcase name="testDivision" time="0.037" classname="PracticaEclipse.Unitarias.AritmeticaTest"/>
  <testcase name="testMultiplicacion" time="0.001" classname="PracticaEclipse.Unitarias.AritmeticaTest"/>
  <testcase name="testResta" time="0.126" classname="PracticaEclipse.Unitarias.AritmeticaTest">
    <failure type="java.lang.AssertionError" message="No da el mismo resultado se espereba: 5">
      <![CDATA[java.lang.AssertionError: No da el mismo resultado se espereba: 5
	at PracticaEclipse.Unitarias.AritmeticaTest.testResta(AritmeticaTest.java:44)
... Removed 30 stack frames]]>
    </failure>
  </testcase> <!-- testResta -->
  <testcase name="testSuma" time="0.001" classname="PracticaEclipse.Unitarias.AritmeticaTest"/>
</testsuite> <!-- Prueba de operaciones basicas -->
