<?xml version="1.0" encoding="UTF-8"?>
<testng-results skipped="0" failed="0" total="5" passed="5">
  <reporter-output>
  </reporter-output>
  <suite name="Plan de pruebas" duration-ms="0" started-at="2018-03-12T05:49:14Z" finished-at="2018-03-12T05:49:14Z">
    <groups>
    </groups>
  </suite> <!-- Plan de pruebas -->
  <suite name="Pruebas de Aritmetica" duration-ms="36" started-at="2018-03-12T05:49:14Z" finished-at="2018-03-12T05:49:14Z">
    <groups>
    </groups>
    <test name="Prueba de operaciones basicas" duration-ms="36" started-at="2018-03-12T05:49:14Z" finished-at="2018-03-12T05:49:14Z">
      <class name="PracticaEclipse.Unitarias.AritmeticaTest">
        <test-method status="PASS" signature="setUp(int, int)[pri:0, instance:PracticaEclipse.Unitarias.AritmeticaTest@6d7b4f4c]" name="setUp" is-config="true" duration-ms="7" started-at="2018-03-11T23:49:14Z" finished-at="2018-03-11T23:49:14Z">
          <params>
            <param index="0">
              <value>
                <![CDATA[2]]>
              </value>
            </param>
            <param index="1">
              <value>
                <![CDATA[2]]>
              </value>
            </param>
          </params>
          <reporter-output>
          </reporter-output>
        </test-method> <!-- setUp -->
        <test-method status="PASS" signature="testDivision()[pri:0, instance:PracticaEclipse.Unitarias.AritmeticaTest@6d7b4f4c]" name="testDivision" duration-ms="7" started-at="2018-03-11T23:49:14Z" finished-at="2018-03-11T23:49:14Z">
          <reporter-output>
          </reporter-output>
        </test-method> <!-- testDivision -->
        <test-method status="PASS" signature="testMultiplicacion()[pri:0, instance:PracticaEclipse.Unitarias.AritmeticaTest@6d7b4f4c]" name="testMultiplicacion" duration-ms="1" started-at="2018-03-11T23:49:14Z" finished-at="2018-03-11T23:49:14Z">
          <reporter-output>
          </reporter-output>
        </test-method> <!-- testMultiplicacion -->
        <test-method status="PASS" signature="testMultiplicacion2()[pri:0, instance:PracticaEclipse.Unitarias.AritmeticaTest@6d7b4f4c]" name="testMultiplicacion2" duration-ms="2" started-at="2018-03-11T23:49:14Z" finished-at="2018-03-11T23:49:14Z">
          <reporter-output>
          </reporter-output>
        </test-method> <!-- testMultiplicacion2 -->
        <test-method status="PASS" signature="testResta()[pri:0, instance:PracticaEclipse.Unitarias.AritmeticaTest@6d7b4f4c]" name="testResta" duration-ms="1" started-at="2018-03-11T23:49:14Z" finished-at="2018-03-11T23:49:14Z">
          <reporter-output>
          </reporter-output>
        </test-method> <!-- testResta -->
        <test-method status="PASS" signature="testSuma()[pri:0, instance:PracticaEclipse.Unitarias.AritmeticaTest@6d7b4f4c]" name="testSuma" duration-ms="0" started-at="2018-03-11T23:49:14Z" finished-at="2018-03-11T23:49:14Z">
          <reporter-output>
          </reporter-output>
        </test-method> <!-- testSuma -->
        <test-method status="PASS" signature="setOut()[pri:0, instance:PracticaEclipse.Unitarias.AritmeticaTest@6d7b4f4c]" name="setOut" is-config="true" duration-ms="0" started-at="2018-03-11T23:49:14Z" finished-at="2018-03-11T23:49:14Z">
          <reporter-output>
          </reporter-output>
        </test-method> <!-- setOut -->
      </class> <!-- PracticaEclipse.Unitarias.AritmeticaTest -->
    </test> <!-- Prueba de operaciones basicas -->
  </suite> <!-- Pruebas de Aritmetica -->
</testng-results>
